
heart_beat_kill_pid = 17164
heart_beat_timeout = 11
heart: Fri Apr 17 17:19:46 2015: heart-beat time-out, no activity for 495 seconds
heart: Fri Apr 17 17:19:47 2015: Executed "/usr/local/Cellar/couchdb/1.6.1_1/bin/couchdb -k" -> 0. Terminating.

heart_beat_kill_pid = 25835
heart_beat_timeout = 11
heart: Fri Apr 17 19:24:38 2015: heart-beat time-out, no activity for 136 seconds
heart: Fri Apr 17 19:24:39 2015: Executed "/usr/local/Cellar/couchdb/1.6.1_1/bin/couchdb -k" -> 0. Terminating.

heart_beat_kill_pid = 41561
heart_beat_timeout = 11
heart: Sat Apr 18 00:42:48 2015: heart-beat time-out, no activity for 3598 seconds
heart: Sat Apr 18 00:42:49 2015: Executed "/usr/local/Cellar/couchdb/1.6.1_1/bin/couchdb -k" -> 0. Terminating.

heart_beat_kill_pid = 54605
heart_beat_timeout = 11
heart: Sat Apr 18 13:46:17 2015: heart-beat time-out, no activity for 466 seconds
heart: Sat Apr 18 13:46:18 2015: Executed "/usr/local/Cellar/couchdb/1.6.1_1/bin/couchdb -k" -> 0. Terminating.

heart_beat_kill_pid = 66168
heart_beat_timeout = 11
heart: Sat Apr 18 16:46:44 2015: heart-beat time-out, no activity for 196 seconds
heart: Sat Apr 18 16:46:45 2015: Executed "/usr/local/Cellar/couchdb/1.6.1_1/bin/couchdb -k" -> 0. Terminating.

heart_beat_kill_pid = 77332
heart_beat_timeout = 11
heart: Sat Apr 18 20:44:08 2015: heart-beat time-out, no activity for 7005 seconds
heart: Sat Apr 18 20:44:09 2015: Executed "/usr/local/Cellar/couchdb/1.6.1_1/bin/couchdb -k" -> 0. Terminating.

heart_beat_kill_pid = 82704
heart_beat_timeout = 11
heart: Sun Apr 19 14:17:45 2015: heart-beat time-out, no activity for 527 seconds
heart: Sun Apr 19 14:17:46 2015: Executed "/usr/local/Cellar/couchdb/1.6.1_1/bin/couchdb -k" -> 0. Terminating.

heart_beat_kill_pid = 96367
heart_beat_timeout = 11
